INFO  - 2015-07-01 09:47:28.021; org.eclipse.jetty.server.Server; jetty-8.1.10.v20130312
INFO  - 2015-07-01 09:47:28.037; org.eclipse.jetty.deploy.providers.ScanningAppProvider; Deployment monitor /Users/10843/Develop/github/projects-solr/email-solr-core/email/contexts at interval 0
INFO  - 2015-07-01 09:47:28.042; org.eclipse.jetty.deploy.DeploymentManager; Deployable added: /Users/10843/Develop/github/projects-solr/email-solr-core/email/contexts/solr-jetty-context.xml
INFO  - 2015-07-01 09:47:28.819; org.eclipse.jetty.webapp.StandardDescriptorProcessor; NO JSP Support for /solr, did not find org.apache.jasper.servlet.JspServlet
INFO  - 2015-07-01 09:47:28.861; org.apache.solr.servlet.SolrDispatchFilter; SolrDispatchFilter.init()
INFO  - 2015-07-01 09:47:28.871; org.apache.solr.core.SolrResourceLoader; JNDI not configured for solr (NoInitialContextEx)
INFO  - 2015-07-01 09:47:28.871; org.apache.solr.core.SolrResourceLoader; solr home defaulted to 'solr/' (could not find system property or JNDI)
INFO  - 2015-07-01 09:47:28.871; org.apache.solr.core.SolrResourceLoader; new SolrResourceLoader for directory: 'solr/'
INFO  - 2015-07-01 09:47:28.990; org.apache.solr.core.ConfigSolr; Loading container configuration from /Users/10843/Develop/github/projects-solr/email-solr-core/email/solr/solr.xml
INFO  - 2015-07-01 09:47:29.058; org.apache.solr.core.CorePropertiesLocator; Config-defined core root directory: /Users/10843/Develop/github/projects-solr/email-solr-core/email/solr
INFO  - 2015-07-01 09:47:29.064; org.apache.solr.core.CoreContainer; New CoreContainer 637725821
INFO  - 2015-07-01 09:47:29.065; org.apache.solr.core.CoreContainer; Loading cores into CoreContainer [instanceDir=solr/]
INFO  - 2015-07-01 09:47:29.074; org.apache.solr.handler.component.HttpShardHandlerFactory; Setting socketTimeout to: 0
INFO  - 2015-07-01 09:47:29.075; org.apache.solr.handler.component.HttpShardHandlerFactory; Setting urlScheme to: null
INFO  - 2015-07-01 09:47:29.078; org.apache.solr.handler.component.HttpShardHandlerFactory; Setting connTimeout to: 0
INFO  - 2015-07-01 09:47:29.078; org.apache.solr.handler.component.HttpShardHandlerFactory; Setting maxConnectionsPerHost to: 20
INFO  - 2015-07-01 09:47:29.079; org.apache.solr.handler.component.HttpShardHandlerFactory; Setting corePoolSize to: 0
INFO  - 2015-07-01 09:47:29.080; org.apache.solr.handler.component.HttpShardHandlerFactory; Setting maximumPoolSize to: 2147483647
INFO  - 2015-07-01 09:47:29.080; org.apache.solr.handler.component.HttpShardHandlerFactory; Setting maxThreadIdleTime to: 5
INFO  - 2015-07-01 09:47:29.080; org.apache.solr.handler.component.HttpShardHandlerFactory; Setting sizeOfQueue to: -1
INFO  - 2015-07-01 09:47:29.080; org.apache.solr.handler.component.HttpShardHandlerFactory; Setting fairnessPolicy to: false
INFO  - 2015-07-01 09:47:29.163; org.apache.solr.update.UpdateShardHandler; Creating UpdateShardHandler HTTP client with params: socketTimeout=0&connTimeout=0&retry=false
INFO  - 2015-07-01 09:47:29.167; org.apache.solr.logging.LogWatcher; SLF4J impl is org.slf4j.impl.Log4jLoggerFactory
INFO  - 2015-07-01 09:47:29.168; org.apache.solr.logging.LogWatcher; Registering Log Listener [Log4j (org.slf4j.impl.Log4jLoggerFactory)]
INFO  - 2015-07-01 09:47:29.169; org.apache.solr.core.CoreContainer; Host Name: 
INFO  - 2015-07-01 09:47:29.528; org.apache.solr.core.CorePropertiesLocator; Looking for core definitions underneath /Users/10843/Develop/github/projects-solr/email-solr-core/email/solr
INFO  - 2015-07-01 09:47:29.534; org.apache.solr.core.CorePropertiesLocator; Found core collection1 in /Users/10843/Develop/github/projects-solr/email-solr-core/email/solr/collection1/
INFO  - 2015-07-01 09:47:29.534; org.apache.solr.core.CorePropertiesLocator; Found 1 core definitions
INFO  - 2015-07-01 09:47:29.535; org.apache.solr.core.SolrResourceLoader; new SolrResourceLoader for directory: '/Users/10843/Develop/github/projects-solr/email-solr-core/email/solr/collection1/'
INFO  - 2015-07-01 09:47:29.590; org.apache.solr.core.SolrConfig; Adding specified lib dirs to ClassLoader
INFO  - 2015-07-01 09:47:29.592; org.apache.solr.core.SolrResourceLoader; Adding 'file:/Users/10843/Develop/github/projects-solr/email-solr-core/contrib/extraction/lib/apache-mime4j-core-0.7.2.jar' to classloader
INFO  - 2015-07-01 09:47:29.592; org.apache.solr.core.SolrResourceLoader; Adding 'file:/Users/10843/Develop/github/projects-solr/email-solr-core/contrib/extraction/lib/apache-mime4j-dom-0.7.2.jar' to classloader
INFO  - 2015-07-01 09:47:29.592; org.apache.solr.core.SolrResourceLoader; Adding 'file:/Users/10843/Develop/github/projects-solr/email-solr-core/contrib/extraction/lib/aspectjrt-1.6.11.jar' to classloader
INFO  - 2015-07-01 09:47:29.593; org.apache.solr.core.SolrResourceLoader; Adding 'file:/Users/10843/Develop/github/projects-solr/email-solr-core/contrib/extraction/lib/bcmail-jdk15-1.45.jar' to classloader
INFO  - 2015-07-01 09:47:29.593; org.apache.solr.core.SolrResourceLoader; Adding 'file:/Users/10843/Develop/github/projects-solr/email-solr-core/contrib/extraction/lib/bcprov-jdk15-1.45.jar' to classloader
INFO  - 2015-07-01 09:47:29.593; org.apache.solr.core.SolrResourceLoader; Adding 'file:/Users/10843/Develop/github/projects-solr/email-solr-core/contrib/extraction/lib/boilerpipe-1.1.0.jar' to classloader
INFO  - 2015-07-01 09:47:29.593; org.apache.solr.core.SolrResourceLoader; Adding 'file:/Users/10843/Develop/github/projects-solr/email-solr-core/contrib/extraction/lib/commons-compress-1.7.jar' to classloader
INFO  - 2015-07-01 09:47:29.593; org.apache.solr.core.SolrResourceLoader; Adding 'file:/Users/10843/Develop/github/projects-solr/email-solr-core/contrib/extraction/lib/dom4j-1.6.1.jar' to classloader
INFO  - 2015-07-01 09:47:29.593; org.apache.solr.core.SolrResourceLoader; Adding 'file:/Users/10843/Develop/github/projects-solr/email-solr-core/contrib/extraction/lib/fontbox-1.8.4.jar' to classloader
INFO  - 2015-07-01 09:47:29.594; org.apache.solr.core.SolrResourceLoader; Adding 'file:/Users/10843/Develop/github/projects-solr/email-solr-core/contrib/extraction/lib/icu4j-53.1.jar' to classloader
INFO  - 2015-07-01 09:47:29.594; org.apache.solr.core.SolrResourceLoader; Adding 'file:/Users/10843/Develop/github/projects-solr/email-solr-core/contrib/extraction/lib/isoparser-1.0-RC-1.jar' to classloader
INFO  - 2015-07-01 09:47:29.594; org.apache.solr.core.SolrResourceLoader; Adding 'file:/Users/10843/Develop/github/projects-solr/email-solr-core/contrib/extraction/lib/jdom-1.0.jar' to classloader
INFO  - 2015-07-01 09:47:29.594; org.apache.solr.core.SolrResourceLoader; Adding 'file:/Users/10843/Develop/github/projects-solr/email-solr-core/contrib/extraction/lib/jempbox-1.8.4.jar' to classloader
INFO  - 2015-07-01 09:47:29.594; org.apache.solr.core.SolrResourceLoader; Adding 'file:/Users/10843/Develop/github/projects-solr/email-solr-core/contrib/extraction/lib/jhighlight-1.0.jar' to classloader
INFO  - 2015-07-01 09:47:29.594; org.apache.solr.core.SolrResourceLoader; Adding 'file:/Users/10843/Develop/github/projects-solr/email-solr-core/contrib/extraction/lib/juniversalchardet-1.0.3.jar' to classloader
INFO  - 2015-07-01 09:47:29.594; org.apache.solr.core.SolrResourceLoader; Adding 'file:/Users/10843/Develop/github/projects-solr/email-solr-core/contrib/extraction/lib/metadata-extractor-2.6.2.jar' to classloader
INFO  - 2015-07-01 09:47:29.595; org.apache.solr.core.SolrResourceLoader; Adding 'file:/Users/10843/Develop/github/projects-solr/email-solr-core/contrib/extraction/lib/netcdf-4.2-min.jar' to classloader
INFO  - 2015-07-01 09:47:29.595; org.apache.solr.core.SolrResourceLoader; Adding 'file:/Users/10843/Develop/github/projects-solr/email-solr-core/contrib/extraction/lib/pdfbox-1.8.4.jar' to classloader
INFO  - 2015-07-01 09:47:29.595; org.apache.solr.core.SolrResourceLoader; Adding 'file:/Users/10843/Develop/github/projects-solr/email-solr-core/contrib/extraction/lib/poi-3.10.1.jar' to classloader
INFO  - 2015-07-01 09:47:29.595; org.apache.solr.core.SolrResourceLoader; Adding 'file:/Users/10843/Develop/github/projects-solr/email-solr-core/contrib/extraction/lib/poi-ooxml-3.10.1.jar' to classloader
INFO  - 2015-07-01 09:47:29.595; org.apache.solr.core.SolrResourceLoader; Adding 'file:/Users/10843/Develop/github/projects-solr/email-solr-core/contrib/extraction/lib/poi-ooxml-schemas-3.10.1.jar' to classloader
INFO  - 2015-07-01 09:47:29.595; org.apache.solr.core.SolrResourceLoader; Adding 'file:/Users/10843/Develop/github/projects-solr/email-solr-core/contrib/extraction/lib/poi-scratchpad-3.10.1.jar' to classloader
INFO  - 2015-07-01 09:47:29.596; org.apache.solr.core.SolrResourceLoader; Adding 'file:/Users/10843/Develop/github/projects-solr/email-solr-core/contrib/extraction/lib/rome-0.9.jar' to classloader
INFO  - 2015-07-01 09:47:29.596; org.apache.solr.core.SolrResourceLoader; Adding 'file:/Users/10843/Develop/github/projects-solr/email-solr-core/contrib/extraction/lib/tagsoup-1.2.1.jar' to classloader
INFO  - 2015-07-01 09:47:29.596; org.apache.solr.core.SolrResourceLoader; Adding 'file:/Users/10843/Develop/github/projects-solr/email-solr-core/contrib/extraction/lib/tika-core-1.5.jar' to classloader
INFO  - 2015-07-01 09:47:29.596; org.apache.solr.core.SolrResourceLoader; Adding 'file:/Users/10843/Develop/github/projects-solr/email-solr-core/contrib/extraction/lib/tika-parsers-1.5.jar' to classloader
INFO  - 2015-07-01 09:47:29.596; org.apache.solr.core.SolrResourceLoader; Adding 'file:/Users/10843/Develop/github/projects-solr/email-solr-core/contrib/extraction/lib/tika-xmp-1.5.jar' to classloader
INFO  - 2015-07-01 09:47:29.596; org.apache.solr.core.SolrResourceLoader; Adding 'file:/Users/10843/Develop/github/projects-solr/email-solr-core/contrib/extraction/lib/vorbis-java-core-0.1.jar' to classloader
INFO  - 2015-07-01 09:47:29.597; org.apache.solr.core.SolrResourceLoader; Adding 'file:/Users/10843/Develop/github/projects-solr/email-solr-core/contrib/extraction/lib/vorbis-java-tika-0.1.jar' to classloader
INFO  - 2015-07-01 09:47:29.597; org.apache.solr.core.SolrResourceLoader; Adding 'file:/Users/10843/Develop/github/projects-solr/email-solr-core/contrib/extraction/lib/xercesImpl-2.9.1.jar' to classloader
INFO  - 2015-07-01 09:47:29.597; org.apache.solr.core.SolrResourceLoader; Adding 'file:/Users/10843/Develop/github/projects-solr/email-solr-core/contrib/extraction/lib/xmlbeans-2.6.0.jar' to classloader
INFO  - 2015-07-01 09:47:29.597; org.apache.solr.core.SolrResourceLoader; Adding 'file:/Users/10843/Develop/github/projects-solr/email-solr-core/contrib/extraction/lib/xmpcore-5.1.2.jar' to classloader
INFO  - 2015-07-01 09:47:29.597; org.apache.solr.core.SolrResourceLoader; Adding 'file:/Users/10843/Develop/github/projects-solr/email-solr-core/contrib/extraction/lib/xz-1.4.jar' to classloader
INFO  - 2015-07-01 09:47:29.598; org.apache.solr.core.SolrResourceLoader; Adding 'file:/Users/10843/Develop/github/projects-solr/email-solr-core/dist/solr-cell-4.10.0.jar' to classloader
INFO  - 2015-07-01 09:47:29.599; org.apache.solr.core.SolrResourceLoader; Adding 'file:/Users/10843/Develop/github/projects-solr/email-solr-core/contrib/clustering/lib/attributes-binder-1.2.1.jar' to classloader
INFO  - 2015-07-01 09:47:29.599; org.apache.solr.core.SolrResourceLoader; Adding 'file:/Users/10843/Develop/github/projects-solr/email-solr-core/contrib/clustering/lib/carrot2-mini-3.9.0.jar' to classloader
INFO  - 2015-07-01 09:47:29.599; org.apache.solr.core.SolrResourceLoader; Adding 'file:/Users/10843/Develop/github/projects-solr/email-solr-core/contrib/clustering/lib/hppc-0.5.2.jar' to classloader
INFO  - 2015-07-01 09:47:29.599; org.apache.solr.core.SolrResourceLoader; Adding 'file:/Users/10843/Develop/github/projects-solr/email-solr-core/contrib/clustering/lib/jackson-core-asl-1.9.13.jar' to classloader
INFO  - 2015-07-01 09:47:29.599; org.apache.solr.core.SolrResourceLoader; Adding 'file:/Users/10843/Develop/github/projects-solr/email-solr-core/contrib/clustering/lib/jackson-mapper-asl-1.9.13.jar' to classloader
INFO  - 2015-07-01 09:47:29.600; org.apache.solr.core.SolrResourceLoader; Adding 'file:/Users/10843/Develop/github/projects-solr/email-solr-core/contrib/clustering/lib/mahout-collections-1.0.jar' to classloader
INFO  - 2015-07-01 09:47:29.600; org.apache.solr.core.SolrResourceLoader; Adding 'file:/Users/10843/Develop/github/projects-solr/email-solr-core/contrib/clustering/lib/mahout-math-0.6.jar' to classloader
INFO  - 2015-07-01 09:47:29.600; org.apache.solr.core.SolrResourceLoader; Adding 'file:/Users/10843/Develop/github/projects-solr/email-solr-core/contrib/clustering/lib/simple-xml-2.7.jar' to classloader
INFO  - 2015-07-01 09:47:29.600; org.apache.solr.core.SolrResourceLoader; Adding 'file:/Users/10843/Develop/github/projects-solr/email-solr-core/dist/solr-clustering-4.10.0.jar' to classloader
INFO  - 2015-07-01 09:47:29.601; org.apache.solr.core.SolrResourceLoader; Adding 'file:/Users/10843/Develop/github/projects-solr/email-solr-core/contrib/langid/lib/jsonic-1.2.7.jar' to classloader
INFO  - 2015-07-01 09:47:29.601; org.apache.solr.core.SolrResourceLoader; Adding 'file:/Users/10843/Develop/github/projects-solr/email-solr-core/contrib/langid/lib/langdetect-1.1-20120112.jar' to classloader
INFO  - 2015-07-01 09:47:29.602; org.apache.solr.core.SolrResourceLoader; Adding 'file:/Users/10843/Develop/github/projects-solr/email-solr-core/dist/solr-langid-4.10.0.jar' to classloader
INFO  - 2015-07-01 09:47:29.602; org.apache.solr.core.SolrResourceLoader; Adding 'file:/Users/10843/Develop/github/projects-solr/email-solr-core/contrib/velocity/lib/commons-beanutils-1.8.3.jar' to classloader
INFO  - 2015-07-01 09:47:29.602; org.apache.solr.core.SolrResourceLoader; Adding 'file:/Users/10843/Develop/github/projects-solr/email-solr-core/contrib/velocity/lib/commons-collections-3.2.1.jar' to classloader
INFO  - 2015-07-01 09:47:29.602; org.apache.solr.core.SolrResourceLoader; Adding 'file:/Users/10843/Develop/github/projects-solr/email-solr-core/contrib/velocity/lib/velocity-1.7.jar' to classloader
INFO  - 2015-07-01 09:47:29.603; org.apache.solr.core.SolrResourceLoader; Adding 'file:/Users/10843/Develop/github/projects-solr/email-solr-core/contrib/velocity/lib/velocity-tools-2.0.jar' to classloader
INFO  - 2015-07-01 09:47:29.603; org.apache.solr.core.SolrResourceLoader; Adding 'file:/Users/10843/Develop/github/projects-solr/email-solr-core/dist/solr-velocity-4.10.0.jar' to classloader
INFO  - 2015-07-01 09:47:29.741; org.apache.solr.update.SolrIndexConfig; IndexWriter infoStream solr logging is enabled
INFO  - 2015-07-01 09:47:29.746; org.apache.solr.core.SolrConfig; Using Lucene MatchVersion: 4.10.0
INFO  - 2015-07-01 09:47:29.832; org.apache.solr.core.SolrConfig; Loaded SolrConfig: solrconfig.xml
INFO  - 2015-07-01 09:47:29.836; org.apache.solr.schema.IndexSchema; Reading Solr Schema from schema.xml
INFO  - 2015-07-01 09:47:29.886; org.apache.solr.schema.IndexSchema; [collection1] Schema name=example
INFO  - 2015-07-01 09:47:30.351; org.apache.solr.schema.IndexSchema; unique key field: id
INFO  - 2015-07-01 09:47:30.361; org.apache.solr.rest.RestManager$Registry; Registered ManagedResource impl org.apache.solr.rest.schema.analysis.ManagedWordSetResource for path /schema/analysis/stopwords/english
INFO  - 2015-07-01 09:47:30.361; org.apache.solr.rest.RestManager$Registry; Registered ManagedResource impl org.apache.solr.rest.schema.analysis.ManagedSynonymFilterFactory$SynonymManager for path /schema/analysis/synonyms/english
INFO  - 2015-07-01 09:47:30.414; org.apache.solr.schema.FileExchangeRateProvider; Reloading exchange rates from file currency.xml
INFO  - 2015-07-01 09:47:30.420; org.apache.solr.schema.FileExchangeRateProvider; Reloading exchange rates from file currency.xml
INFO  - 2015-07-01 09:47:30.502; org.apache.solr.core.CoreContainer; Creating SolrCore 'collection1' using configuration from instancedir /Users/10843/Develop/github/projects-solr/email-solr-core/email/solr/collection1/
INFO  - 2015-07-01 09:47:30.515; org.apache.solr.core.SolrCore; solr.NRTCachingDirectoryFactory
INFO  - 2015-07-01 09:47:30.519; org.apache.solr.core.SolrCore; [collection1] Opening new SolrCore at /Users/10843/Develop/github/projects-solr/email-solr-core/email/solr/collection1/, dataDir=/Users/10843/Develop/github/projects-solr/email-solr-core/email/solr/collection1/data/
INFO  - 2015-07-01 09:47:30.520; org.apache.solr.core.JmxMonitoredMap; No JMX servers found, not exposing Solr information with JMX.
INFO  - 2015-07-01 09:47:30.525; org.apache.solr.core.SolrCore; [collection1] Added SolrEventListener for newSearcher: org.apache.solr.core.QuerySenderListener{queries=[]}
INFO  - 2015-07-01 09:47:30.525; org.apache.solr.core.SolrCore; [collection1] Added SolrEventListener for firstSearcher: org.apache.solr.core.QuerySenderListener{queries=[{q=static firstSearcher warming in solrconfig.xml}]}
INFO  - 2015-07-01 09:47:30.534; org.apache.solr.core.CachingDirectoryFactory; return new directory for /Users/10843/Develop/github/projects-solr/email-solr-core/email/solr/collection1/data
INFO  - 2015-07-01 09:47:30.535; org.apache.solr.core.SolrCore; New index directory detected: old=null new=/Users/10843/Develop/github/projects-solr/email-solr-core/email/solr/collection1/data/index/
WARN  - 2015-07-01 09:47:30.536; org.apache.solr.core.SolrCore; [collection1] Solr index directory '/Users/10843/Develop/github/projects-solr/email-solr-core/email/solr/collection1/data/index' doesn't exist. Creating new index...
INFO  - 2015-07-01 09:47:30.542; org.apache.solr.core.CachingDirectoryFactory; return new directory for /Users/10843/Develop/github/projects-solr/email-solr-core/email/solr/collection1/data/index
INFO  - 2015-07-01 09:47:30.613; org.apache.solr.core.SolrDeletionPolicy; SolrDeletionPolicy.onCommit: commits: num=1
	commit{dir=NRTCachingDirectory(MMapDirectory@/Users/10843/Develop/github/projects-solr/email-solr-core/email/solr/collection1/data/index lockFactory=NativeFSLockFactory@/Users/10843/Develop/github/projects-solr/email-solr-core/email/solr/collection1/data/index; maxCacheMB=48.0 maxMergeSizeMB=4.0),segFN=segments_1,generation=1}
INFO  - 2015-07-01 09:47:30.613; org.apache.solr.core.SolrDeletionPolicy; newest commit generation = 1
INFO  - 2015-07-01 09:47:30.616; org.apache.solr.core.SolrCore; created json: solr.JSONResponseWriter
INFO  - 2015-07-01 09:47:30.616; org.apache.solr.core.SolrCore; adding lazy queryResponseWriter: solr.VelocityResponseWriter
INFO  - 2015-07-01 09:47:30.616; org.apache.solr.core.SolrCore; created velocity: solr.VelocityResponseWriter
INFO  - 2015-07-01 09:47:30.619; org.apache.solr.core.SolrCore; created xslt: solr.XSLTResponseWriter
INFO  - 2015-07-01 09:47:30.619; org.apache.solr.response.XSLTResponseWriter; xsltCacheLifetimeSeconds=5
INFO  - 2015-07-01 09:47:30.687; org.apache.solr.core.SolrCore; no updateRequestProcessorChain defined as default, creating implicit default
INFO  - 2015-07-01 09:47:30.691; org.apache.solr.core.RequestHandlers; created /update: org.apache.solr.handler.UpdateRequestHandler
INFO  - 2015-07-01 09:47:30.691; org.apache.solr.core.RequestHandlers; created /update/json: org.apache.solr.handler.UpdateRequestHandler
INFO  - 2015-07-01 09:47:30.692; org.apache.solr.core.RequestHandlers; created /update/csv: org.apache.solr.handler.UpdateRequestHandler
INFO  - 2015-07-01 09:47:30.692; org.apache.solr.core.RequestHandlers; created /update/json/docs: org.apache.solr.handler.UpdateRequestHandler
INFO  - 2015-07-01 09:47:30.695; org.apache.solr.core.RequestHandlers; created /select: solr.SearchHandler
INFO  - 2015-07-01 09:47:30.696; org.apache.solr.core.RequestHandlers; created /query: solr.SearchHandler
INFO  - 2015-07-01 09:47:30.697; org.apache.solr.core.RequestHandlers; created /get: solr.RealTimeGetHandler
INFO  - 2015-07-01 09:47:30.697; org.apache.solr.core.RequestHandlers; created /export: solr.SearchHandler
INFO  - 2015-07-01 09:47:30.697; org.apache.solr.core.RequestHandlers; created /browse: solr.SearchHandler
WARN  - 2015-07-01 09:47:30.701; org.apache.solr.core.RequestHandlers; Multiple requestHandler registered to the same name: /update ignoring: org.apache.solr.handler.UpdateRequestHandler
INFO  - 2015-07-01 09:47:30.701; org.apache.solr.core.RequestHandlers; created /update: solr.UpdateRequestHandler
INFO  - 2015-07-01 09:47:30.701; org.apache.solr.core.RequestHandlers; adding lazy requestHandler: solr.extraction.ExtractingRequestHandler
INFO  - 2015-07-01 09:47:30.702; org.apache.solr.core.RequestHandlers; created /update/extract: solr.extraction.ExtractingRequestHandler
INFO  - 2015-07-01 09:47:30.702; org.apache.solr.core.RequestHandlers; adding lazy requestHandler: solr.FieldAnalysisRequestHandler
INFO  - 2015-07-01 09:47:30.702; org.apache.solr.core.RequestHandlers; created /analysis/field: solr.FieldAnalysisRequestHandler
INFO  - 2015-07-01 09:47:30.702; org.apache.solr.core.RequestHandlers; adding lazy requestHandler: solr.DocumentAnalysisRequestHandler
INFO  - 2015-07-01 09:47:30.702; org.apache.solr.core.RequestHandlers; created /analysis/document: solr.DocumentAnalysisRequestHandler
INFO  - 2015-07-01 09:47:30.703; org.apache.solr.core.RequestHandlers; created /admin/: solr.admin.AdminHandlers
INFO  - 2015-07-01 09:47:30.705; org.apache.solr.core.RequestHandlers; created /admin/ping: solr.PingRequestHandler
INFO  - 2015-07-01 09:47:30.706; org.apache.solr.core.RequestHandlers; created /debug/dump: solr.DumpRequestHandler
INFO  - 2015-07-01 09:47:30.712; org.apache.solr.core.RequestHandlers; created /replication: solr.ReplicationHandler
INFO  - 2015-07-01 09:47:30.712; org.apache.solr.core.RequestHandlers; adding lazy requestHandler: solr.SearchHandler
INFO  - 2015-07-01 09:47:30.712; org.apache.solr.core.RequestHandlers; created /spell: solr.SearchHandler
INFO  - 2015-07-01 09:47:30.712; org.apache.solr.core.RequestHandlers; adding lazy requestHandler: solr.SearchHandler
INFO  - 2015-07-01 09:47:30.712; org.apache.solr.core.RequestHandlers; created /tvrh: solr.SearchHandler
INFO  - 2015-07-01 09:47:30.713; org.apache.solr.core.RequestHandlers; adding lazy requestHandler: solr.SearchHandler
INFO  - 2015-07-01 09:47:30.713; org.apache.solr.core.RequestHandlers; created /terms: solr.SearchHandler
INFO  - 2015-07-01 09:47:30.713; org.apache.solr.core.RequestHandlers; adding lazy requestHandler: solr.SearchHandler
INFO  - 2015-07-01 09:47:30.713; org.apache.solr.core.RequestHandlers; created /elevate: solr.SearchHandler
INFO  - 2015-07-01 09:47:30.723; org.apache.solr.handler.loader.XMLLoader; xsltCacheLifetimeSeconds=60
INFO  - 2015-07-01 09:47:30.724; org.apache.solr.handler.loader.XMLLoader; xsltCacheLifetimeSeconds=60
INFO  - 2015-07-01 09:47:30.725; org.apache.solr.handler.loader.XMLLoader; xsltCacheLifetimeSeconds=60
INFO  - 2015-07-01 09:47:30.725; org.apache.solr.handler.loader.XMLLoader; xsltCacheLifetimeSeconds=60
INFO  - 2015-07-01 09:47:30.726; org.apache.solr.handler.loader.XMLLoader; xsltCacheLifetimeSeconds=60
INFO  - 2015-07-01 09:47:30.737; org.apache.solr.update.CommitTracker; Hard AutoCommit: if uncommited for 15000ms; 
INFO  - 2015-07-01 09:47:30.737; org.apache.solr.update.CommitTracker; Soft AutoCommit: disabled
INFO  - 2015-07-01 09:47:30.742; org.apache.solr.core.SolrDeletionPolicy; SolrDeletionPolicy.onInit: commits: num=1
	commit{dir=NRTCachingDirectory(MMapDirectory@/Users/10843/Develop/github/projects-solr/email-solr-core/email/solr/collection1/data/index lockFactory=NativeFSLockFactory@/Users/10843/Develop/github/projects-solr/email-solr-core/email/solr/collection1/data/index; maxCacheMB=48.0 maxMergeSizeMB=4.0),segFN=segments_1,generation=1}
INFO  - 2015-07-01 09:47:30.742; org.apache.solr.core.SolrDeletionPolicy; newest commit generation = 1
INFO  - 2015-07-01 09:47:30.747; org.apache.solr.search.SolrIndexSearcher; Opening Searcher@777d28d2[collection1] main
INFO  - 2015-07-01 09:47:30.751; org.apache.solr.rest.ManagedResourceStorage$FileStorageIO; File-based storage initialized to use dir: /Users/10843/Develop/github/projects-solr/email-solr-core/email/solr/collection1/conf
INFO  - 2015-07-01 09:47:30.751; org.apache.solr.rest.RestManager; Initializing RestManager with initArgs: {storageDir=/Users/10843/Develop/github/projects-solr/email-solr-core/email/solr/collection1/conf}
INFO  - 2015-07-01 09:47:30.752; org.apache.solr.rest.ManagedResourceStorage; Reading _rest_managed.json using file:dir=/Users/10843/Develop/github/projects-solr/email-solr-core/email/solr/collection1/conf
INFO  - 2015-07-01 09:47:30.756; org.apache.solr.rest.ManagedResourceStorage; Loaded LinkedHashMap at path _rest_managed.json using file:dir=/Users/10843/Develop/github/projects-solr/email-solr-core/email/solr/collection1/conf
INFO  - 2015-07-01 09:47:30.756; org.apache.solr.rest.ManagedResource; Loaded initArgs {} for /rest/managed
INFO  - 2015-07-01 09:47:30.756; org.apache.solr.rest.RestManager; Initializing 2 registered ManagedResources
INFO  - 2015-07-01 09:47:30.757; org.apache.solr.rest.ManagedResourceStorage; Reading _schema_analysis_stopwords_english.json using file:dir=/Users/10843/Develop/github/projects-solr/email-solr-core/email/solr/collection1/conf
INFO  - 2015-07-01 09:47:30.758; org.apache.solr.rest.ManagedResourceStorage; Loaded LinkedHashMap at path _schema_analysis_stopwords_english.json using file:dir=/Users/10843/Develop/github/projects-solr/email-solr-core/email/solr/collection1/conf
INFO  - 2015-07-01 09:47:30.759; org.apache.solr.rest.ManagedResource; Loaded initArgs {ignoreCase=true} for /schema/analysis/stopwords/english
INFO  - 2015-07-01 09:47:30.759; org.apache.solr.rest.schema.analysis.ManagedWordSetResource; Loaded 35 words for /schema/analysis/stopwords/english
INFO  - 2015-07-01 09:47:30.759; org.apache.solr.rest.ManagedResource; Notified 1 observers of /schema/analysis/stopwords/english
INFO  - 2015-07-01 09:47:30.760; org.apache.solr.rest.ManagedResourceStorage; Reading _schema_analysis_synonyms_english.json using file:dir=/Users/10843/Develop/github/projects-solr/email-solr-core/email/solr/collection1/conf
INFO  - 2015-07-01 09:47:30.761; org.apache.solr.rest.ManagedResourceStorage; Loaded LinkedHashMap at path _schema_analysis_synonyms_english.json using file:dir=/Users/10843/Develop/github/projects-solr/email-solr-core/email/solr/collection1/conf
INFO  - 2015-07-01 09:47:30.761; org.apache.solr.rest.ManagedResource; Loaded initArgs {ignoreCase=true,format=solr} for /schema/analysis/synonyms/english
INFO  - 2015-07-01 09:47:30.761; org.apache.solr.rest.schema.analysis.ManagedSynonymFilterFactory$SynonymManager; Loaded 3 synonym mappings for /schema/analysis/synonyms/english
INFO  - 2015-07-01 09:47:30.763; org.apache.solr.rest.ManagedResource; Notified 1 observers of /schema/analysis/synonyms/english
INFO  - 2015-07-01 09:47:30.763; org.apache.solr.handler.component.SpellCheckComponent; Initializing spell checkers
INFO  - 2015-07-01 09:47:30.767; org.apache.solr.spelling.DirectSolrSpellChecker; init: {name=default,field=text,classname=solr.DirectSolrSpellChecker,distanceMeasure=internal,accuracy=0.5,maxEdits=2,minPrefix=1,maxInspections=5,minQueryLength=4,maxQueryFrequency=0.01}
INFO  - 2015-07-01 09:47:30.772; org.apache.solr.handler.component.SpellCheckComponent; No queryConverter defined, using default converter
INFO  - 2015-07-01 09:47:30.773; org.apache.solr.handler.component.QueryElevationComponent; Loading QueryElevation from: /Users/10843/Develop/github/projects-solr/email-solr-core/email/solr/collection1/conf/elevate.xml
INFO  - 2015-07-01 09:47:30.794; org.apache.solr.handler.ReplicationHandler; Commits will be reserved for  10000
INFO  - 2015-07-01 09:47:30.794; org.apache.solr.core.QuerySenderListener; QuerySenderListener sending requests to Searcher@777d28d2[collection1] main{StandardDirectoryReader(segments_1:1:nrt)}
INFO  - 2015-07-01 09:47:30.795; org.apache.solr.core.CoreContainer; registering core: collection1
INFO  - 2015-07-01 09:47:30.796; org.apache.solr.servlet.SolrDispatchFilter; user.dir=/Users/10843/Develop/github/projects-solr/email-solr-core/email
INFO  - 2015-07-01 09:47:30.796; org.apache.solr.servlet.SolrDispatchFilter; SolrDispatchFilter.init() done
INFO  - 2015-07-01 09:47:30.819; org.eclipse.jetty.server.AbstractConnector; Started SocketConnector@0.0.0.0:8983
INFO  - 2015-07-01 09:47:30.837; org.apache.solr.core.SolrCore; [collection1] webapp=null path=null params={event=firstSearcher&q=static+firstSearcher+warming+in+solrconfig.xml&distrib=false} hits=0 status=0 QTime=42 
INFO  - 2015-07-01 09:47:30.838; org.apache.solr.core.QuerySenderListener; QuerySenderListener done.
INFO  - 2015-07-01 09:47:30.838; org.apache.solr.handler.component.SpellCheckComponent$SpellCheckerListener; Loading spell index for spellchecker: default
INFO  - 2015-07-01 09:47:30.838; org.apache.solr.handler.component.SpellCheckComponent$SpellCheckerListener; Loading spell index for spellchecker: wordbreak
INFO  - 2015-07-01 09:47:30.838; org.apache.solr.core.SolrCore; [collection1] Registered new searcher Searcher@777d28d2[collection1] main{StandardDirectoryReader(segments_1:1:nrt)}
INFO  - 2015-07-01 09:48:21.441; org.eclipse.jetty.server.Server; Graceful shutdown SocketConnector@0.0.0.0:8983
INFO  - 2015-07-01 09:48:21.442; org.eclipse.jetty.server.Server; Graceful shutdown o.e.j.w.WebAppContext{/solr,file:/Users/10843/Develop/github/projects-solr/email-solr-core/email/solr-webapp/webapp/},/Users/10843/Develop/github/projects-solr/email-solr-core/email/webapps/solr.war
INFO  - 2015-07-01 09:48:22.444; org.apache.solr.core.CoreContainer; Shutting down CoreContainer instance=637725821
INFO  - 2015-07-01 09:48:22.445; org.apache.solr.core.SolrCore; [collection1]  CLOSING SolrCore org.apache.solr.core.SolrCore@a98f6d0
INFO  - 2015-07-01 09:48:22.445; org.apache.solr.update.DirectUpdateHandler2; closing DirectUpdateHandler2{commits=0,autocommit maxTime=15000ms,autocommits=0,soft autocommits=0,optimizes=0,rollbacks=0,expungeDeletes=0,docsPending=0,adds=0,deletesById=0,deletesByQuery=0,errors=0,cumulative_adds=0,cumulative_deletesById=0,cumulative_deletesByQuery=0,cumulative_errors=0,transaction_logs_total_size=0,transaction_logs_total_number=0}
INFO  - 2015-07-01 09:48:22.446; org.apache.solr.update.SolrCoreState; Closing SolrCoreState
INFO  - 2015-07-01 09:48:22.446; org.apache.solr.update.DefaultSolrCoreState; SolrCoreState ref count has reached 0 - closing IndexWriter
INFO  - 2015-07-01 09:48:22.446; org.apache.solr.update.DefaultSolrCoreState; closing IndexWriter with IndexWriterCloser
INFO  - 2015-07-01 09:48:22.448; org.apache.solr.core.SolrCore; [collection1] Closing main searcher on request.
INFO  - 2015-07-01 09:48:22.448; org.apache.solr.core.CachingDirectoryFactory; Closing NRTCachingDirectoryFactory - 2 directories currently being tracked
INFO  - 2015-07-01 09:48:22.449; org.apache.solr.core.CachingDirectoryFactory; looking to close /Users/10843/Develop/github/projects-solr/email-solr-core/email/solr/collection1/data/index [CachedDir<<refCount=0;path=/Users/10843/Develop/github/projects-solr/email-solr-core/email/solr/collection1/data/index;done=false>>]
INFO  - 2015-07-01 09:48:22.449; org.apache.solr.core.CachingDirectoryFactory; Closing directory: /Users/10843/Develop/github/projects-solr/email-solr-core/email/solr/collection1/data/index
INFO  - 2015-07-01 09:48:22.449; org.apache.solr.core.CachingDirectoryFactory; looking to close /Users/10843/Develop/github/projects-solr/email-solr-core/email/solr/collection1/data [CachedDir<<refCount=0;path=/Users/10843/Develop/github/projects-solr/email-solr-core/email/solr/collection1/data;done=false>>]
INFO  - 2015-07-01 09:48:22.449; org.apache.solr.core.CachingDirectoryFactory; Closing directory: /Users/10843/Develop/github/projects-solr/email-solr-core/email/solr/collection1/data
INFO  - 2015-07-01 09:48:22.455; org.eclipse.jetty.server.handler.ContextHandler; stopped o.e.j.w.WebAppContext{/solr,file:/Users/10843/Develop/github/projects-solr/email-solr-core/email/solr-webapp/webapp/},/Users/10843/Develop/github/projects-solr/email-solr-core/email/webapps/solr.war
